<?xml version="1.0" encoding="UTF-8"?>
<!-- Generated by org.testng.reporters.JUnitXMLReporter -->
<testsuite hostname="DESKTOP-HL7Q7OH" name="Surefire test" tests="60" failures="0" timestamp="6 Jun 2019 18:26:00 GMT" time="0.119" errors="0">
  <testcase name="executedInAnotherPool_sanityCheck1" time="0.04" classname="cla.parstr.ParallelStreamFjpTest"/>
  <testcase name="executedInAnotherPool_sanityCheck1" time="0.0" classname="cla.parstr.ParallelStreamFjpTest"/>
  <testcase name="executedInAnotherPool_sanityCheck1" time="0.0" classname="cla.parstr.ParallelStreamFjpTest"/>
  <testcase name="executedInAnotherPool_sanityCheck1" time="0.0" classname="cla.parstr.ParallelStreamFjpTest"/>
  <testcase name="executedInAnotherPool_sanityCheck1" time="0.0" classname="cla.parstr.ParallelStreamFjpTest"/>
  <testcase name="executedInAnotherPool_sanityCheck1" time="0.0" classname="cla.parstr.ParallelStreamFjpTest"/>
  <testcase name="executedInAnotherPool_sanityCheck1" time="0.0" classname="cla.parstr.ParallelStreamFjpTest"/>
  <testcase name="executedInAnotherPool_sanityCheck1" time="0.0" classname="cla.parstr.ParallelStreamFjpTest"/>
  <testcase name="executedInAnotherPool_sanityCheck1" time="0.0" classname="cla.parstr.ParallelStreamFjpTest"/>
  <testcase name="executedInAnotherPool_sanityCheck1" time="0.0" classname="cla.parstr.ParallelStreamFjpTest"/>
  <testcase name="executesInAnotherPool" time="0.0" classname="cla.parstr.ParallelStreamFjpTest"/>
  <testcase name="executesInAnotherPool" time="0.001" classname="cla.parstr.ParallelStreamFjpTest"/>
  <testcase name="executesInAnotherPool" time="0.0" classname="cla.parstr.ParallelStreamFjpTest"/>
  <testcase name="executesInAnotherPool" time="0.0" classname="cla.parstr.ParallelStreamFjpTest"/>
  <testcase name="executesInAnotherPool" time="0.001" classname="cla.parstr.ParallelStreamFjpTest"/>
  <testcase name="executesInAnotherPool" time="0.0" classname="cla.parstr.ParallelStreamFjpTest"/>
  <testcase name="executesInAnotherPool" time="0.0" classname="cla.parstr.ParallelStreamFjpTest"/>
  <testcase name="executesInAnotherPool" time="0.0" classname="cla.parstr.ParallelStreamFjpTest"/>
  <testcase name="executesInAnotherPool" time="0.001" classname="cla.parstr.ParallelStreamFjpTest"/>
  <testcase name="executesInAnotherPool" time="0.0" classname="cla.parstr.ParallelStreamFjpTest"/>
  <testcase name="executesInAnotherPool_sanityCheck2" time="0.0" classname="cla.parstr.ParallelStreamFjpTest"/>
  <testcase name="executesInAnotherPool_sanityCheck2" time="0.001" classname="cla.parstr.ParallelStreamFjpTest"/>
  <testcase name="executesInAnotherPool_sanityCheck2" time="0.001" classname="cla.parstr.ParallelStreamFjpTest"/>
  <testcase name="executesInAnotherPool_sanityCheck2" time="0.0" classname="cla.parstr.ParallelStreamFjpTest"/>
  <testcase name="executesInAnotherPool_sanityCheck2" time="0.0" classname="cla.parstr.ParallelStreamFjpTest"/>
  <testcase name="executesInAnotherPool_sanityCheck2" time="0.0" classname="cla.parstr.ParallelStreamFjpTest"/>
  <testcase name="executesInAnotherPool_sanityCheck2" time="0.0" classname="cla.parstr.ParallelStreamFjpTest"/>
  <testcase name="executesInAnotherPool_sanityCheck2" time="0.0" classname="cla.parstr.ParallelStreamFjpTest"/>
  <testcase name="executesInAnotherPool_sanityCheck2" time="0.0" classname="cla.parstr.ParallelStreamFjpTest"/>
  <testcase name="executesInAnotherPool_sanityCheck2" time="0.0" classname="cla.parstr.ParallelStreamFjpTest"/>
  <testcase name="executesInAnotherPool_sanityCheck3" time="0.0" classname="cla.parstr.ParallelStreamFjpTest"/>
  <testcase name="executesInAnotherPool_sanityCheck3" time="0.0" classname="cla.parstr.ParallelStreamFjpTest"/>
  <testcase name="executesInAnotherPool_sanityCheck3" time="0.0" classname="cla.parstr.ParallelStreamFjpTest"/>
  <testcase name="executesInAnotherPool_sanityCheck3" time="0.0" classname="cla.parstr.ParallelStreamFjpTest"/>
  <testcase name="executesInAnotherPool_sanityCheck3" time="0.001" classname="cla.parstr.ParallelStreamFjpTest"/>
  <testcase name="executesInAnotherPool_sanityCheck3" time="0.001" classname="cla.parstr.ParallelStreamFjpTest"/>
  <testcase name="executesInAnotherPool_sanityCheck3" time="0.0" classname="cla.parstr.ParallelStreamFjpTest"/>
  <testcase name="executesInAnotherPool_sanityCheck3" time="0.0" classname="cla.parstr.ParallelStreamFjpTest"/>
  <testcase name="executesInAnotherPool_sanityCheck3" time="0.001" classname="cla.parstr.ParallelStreamFjpTest"/>
  <testcase name="executesInAnotherPool_sanityCheck3" time="0.001" classname="cla.parstr.ParallelStreamFjpTest"/>
  <testcase name="executesInCommonPool" time="0.001" classname="cla.parstr.ParallelStreamFjpTest"/>
  <testcase name="executesInCommonPool" time="0.0" classname="cla.parstr.ParallelStreamFjpTest"/>
  <testcase name="executesInCommonPool" time="0.001" classname="cla.parstr.ParallelStreamFjpTest"/>
  <testcase name="executesInCommonPool" time="0.0" classname="cla.parstr.ParallelStreamFjpTest"/>
  <testcase name="executesInCommonPool" time="0.0" classname="cla.parstr.ParallelStreamFjpTest"/>
  <testcase name="executesInCommonPool" time="0.0" classname="cla.parstr.ParallelStreamFjpTest"/>
  <testcase name="executesInCommonPool" time="0.0" classname="cla.parstr.ParallelStreamFjpTest"/>
  <testcase name="executesInCommonPool" time="0.001" classname="cla.parstr.ParallelStreamFjpTest"/>
  <testcase name="executesInCommonPool" time="0.001" classname="cla.parstr.ParallelStreamFjpTest"/>
  <testcase name="executesInCommonPool" time="0.0" classname="cla.parstr.ParallelStreamFjpTest"/>
  <testcase name="executesInCommonPool_sanityCheck" time="0.0" classname="cla.parstr.ParallelStreamFjpTest"/>
  <testcase name="executesInCommonPool_sanityCheck" time="0.0" classname="cla.parstr.ParallelStreamFjpTest"/>
  <testcase name="executesInCommonPool_sanityCheck" time="0.0" classname="cla.parstr.ParallelStreamFjpTest"/>
  <testcase name="executesInCommonPool_sanityCheck" time="0.0" classname="cla.parstr.ParallelStreamFjpTest"/>
  <testcase name="executesInCommonPool_sanityCheck" time="0.0" classname="cla.parstr.ParallelStreamFjpTest"/>
  <testcase name="executesInCommonPool_sanityCheck" time="0.0" classname="cla.parstr.ParallelStreamFjpTest"/>
  <testcase name="executesInCommonPool_sanityCheck" time="0.0" classname="cla.parstr.ParallelStreamFjpTest"/>
  <testcase name="executesInCommonPool_sanityCheck" time="0.0" classname="cla.parstr.ParallelStreamFjpTest"/>
  <testcase name="executesInCommonPool_sanityCheck" time="0.0" classname="cla.parstr.ParallelStreamFjpTest"/>
  <testcase name="executesInCommonPool_sanityCheck" time="0.0" classname="cla.parstr.ParallelStreamFjpTest"/>
</testsuite> <!-- Surefire test -->
